<?xml version="1.0" encoding="UTF-8"?>
<!-- Generated by org.testng.reporters.JUnitReportReporter -->
<testsuite hostname="RajeevKatarapu" failures="0" tests="4" name="testscripts.regression.ValidateLoginUsingDataProvider" time="42.383" errors="0" timestamp="2024-11-05T13:15:00 IST" skipped="0">
  <testcase classname="testscripts.regression.ValidateLoginUsingDataProvider" name="ValidateLoginTest1" time="10.688"/>
  <testcase classname="testscripts.regression.ValidateLoginUsingDataProvider" name="ValidateLoginTest1" time="8.640"/>
  <testcase classname="testscripts.regression.ValidateLoginUsingDataProvider" name="ValidateLoginTest1" time="15.337"/>
  <testcase classname="testscripts.regression.ValidateLoginUsingDataProvider" name="ValidateLoginTest1" time="7.718"/>
</testsuite> <!-- testscripts.regression.ValidateLoginUsingDataProvider -->
