<?xml version="1.0" encoding="UTF-8"?>
<!-- Generated by org.testng.reporters.JUnitReportReporter -->
<testsuite hostname="RajeevKatarapu" failures="0" tests="4" name="testscripts.regression.ValidateLogin" time="32.218" errors="0" timestamp="2024-11-05T13:04:36 IST" skipped="0">
  <testcase classname="testscripts.regression.ValidateLogin" name="ValidateLoginTest1" time="8.950"/>
  <testcase classname="testscripts.regression.ValidateLogin" name="ValidateLoginTest3" time="8.462"/>
  <testcase classname="testscripts.regression.ValidateLogin" name="ValidateLoginTest2" time="7.787"/>
  <testcase classname="testscripts.regression.ValidateLogin" name="ValidateLoginTest4" time="7.019"/>
</testsuite> <!-- testscripts.regression.ValidateLogin -->
