<?xml version="1.0" encoding="UTF-8"?>
<!-- Generated by org.testng.reporters.JUnitReportReporter -->
<testsuite hostname="RajeevKatarapu" failures="0" tests="1" name="testscripts.regression.ValidateLoginUsingDataProviderFromExcel" time="11.372" errors="0" timestamp="2024-11-05T16:29:07 IST" skipped="0">
  <testcase classname="testscripts.regression.ValidateLoginUsingDataProviderFromExcel" name="ValidateLoginTest1" time="11.372"/>
</testsuite> <!-- testscripts.regression.ValidateLoginUsingDataProviderFromExcel -->
